d:\baotaiji_20191210\baotaiji-master\ssvision\win32\release\serialport.obj
d:\baotaiji_20191210\baotaiji-master\ssvision\win32\release\robotictcpserver.obj
d:\baotaiji_20191210\baotaiji-master\ssvision\win32\release\qtserialport.obj
d:\baotaiji_20191210\baotaiji-master\ssvision\win32\release\logger.obj
d:\baotaiji_20191210\baotaiji-master\ssvision\win32\release\moc_robotictcpserver.obj
d:\baotaiji_20191210\baotaiji-master\ssvision\win32\release\datefilelogger.obj
d:\baotaiji_20191210\baotaiji-master\ssvision\win32\release\datacode.obj
d:\baotaiji_20191210\baotaiji-master\ssvision\win32\release\camera.obj
d:\baotaiji_20191210\baotaiji-master\ssvision\win32\release\baslercamera.obj
d:\baotaiji_20191210\baotaiji-master\ssvision\win32\release\vc120.pdb
d:\baotaiji_20191210\baotaiji-master\ssvision\generatedfiles\release\moc_robotictcpserver.cpp
d:\baotaiji_20191210\baotaiji-master\ssvision\release\ssvision.lib
h:\baotaiji-master\ssvision\win32\release\baslercamera.obj
h:\baotaiji-master\ssvision\win32\release\camera.obj
h:\baotaiji-master\ssvision\win32\release\datacode.obj
h:\baotaiji-master\ssvision\win32\release\datefilelogger.obj
h:\baotaiji-master\ssvision\win32\release\logger.obj
h:\baotaiji-master\ssvision\win32\release\moc_robotictcpserver.obj
h:\baotaiji-master\ssvision\win32\release\qtserialport.obj
h:\baotaiji-master\ssvision\win32\release\robotictcpserver.obj
h:\baotaiji-master\ssvision\win32\release\serialport.obj
h:\baotaiji-master\ssvision\release\ssvision.lib
h:\baotaiji-master\ssvision\win32\release\ssvision.tlog\cl.command.1.tlog
h:\baotaiji-master\ssvision\win32\release\ssvision.tlog\cl.read.1.tlog
h:\baotaiji-master\ssvision\win32\release\ssvision.tlog\cl.write.1.tlog
h:\baotaiji-master\ssvision\win32\release\ssvision.tlog\custombuild.command.1.tlog
h:\baotaiji-master\ssvision\win32\release\ssvision.tlog\custombuild.read.1.tlog
h:\baotaiji-master\ssvision\win32\release\ssvision.tlog\custombuild.write.1.tlog
h:\baotaiji-master\ssvision\win32\release\ssvision.tlog\lib-link.read.1.tlog
h:\baotaiji-master\ssvision\win32\release\ssvision.tlog\lib-link.write.1.tlog
h:\baotaiji-master\ssvision\win32\release\ssvision.tlog\lib.command.1.tlog
