生成启动时间为 2020/3/20 15:46:33。
     1>项目“H:\baotaiji-master\ssvision\ssvision.vcxproj”在节点 2 上(Build 个目标)。
     1>C:\Program Files (x86)\MSBuild\Microsoft.Cpp\v4.0\V120\Microsoft.CppBuild.targets(935,5): warning MSB8027: Two or more files with the name of moc_robotictcpserver.cpp will produce outputs to the same location. This can lead to an incorrect build result.  The files involved are GeneratedFiles\Debug\moc_robotictcpserver.cpp, GeneratedFiles\Release\moc_robotictcpserver.cpp.
     1>ClCompile:
         D:\vs2013\VC\bin\CL.exe /c /I. /I. /I..\..\..\balser\development\include /I..\..\..\OPENCV\opencv\build\include /I/Act/Include/ /I..\..\..\qt\5.6.3\msvc2013\include /I..\..\..\qt\5.6.3\msvc2013\include\QtTest /I..\..\..\qt\5.6.3\msvc2013\include\QtSerialPort /I..\..\..\qt\5.6.3\msvc2013\include\QtNetwork /I..\..\..\qt\5.6.3\msvc2013\include\QtCore /Irelease /I"..\..\..\qt\5.6.3\msvc2013\mkspecs\win32-msvc2013" /nologo /W3 /WX- /O2 /Oy- /D _CONSOLE /D UNICODE /D WIN32 /D QT_NO_DEBUG /D QT_TESTLIB_LIB /D QT_SERIALPORT_LIB /D QT_NETWORK_LIB /D QT_CORE_LIB /D "QT_TESTCASE_BUILDDIR=\"D:/baotaiji_20191210/baotaiji-master/ssvision\"" /D NDEBUG /Gm- /EHsc /MD /GS /fp:precise /Zc:wchar_t /Zc:forScope /GR /Fo"Win32\Release\\" /Fd"Win32\Release\vc120.pdb" /Gd /TP /analyze- /errorReport:prompt -Zc:strictStrings -w34100 -w34189 -w44996 baslercamera.cpp camera.cpp datacode.cpp datefilelogger.cpp GeneratedFiles\Release\moc_robotictcpserver.cpp logger.cpp qtserialport.cpp robotictcpserver.cpp serialport.cpp
         baslercamera.cpp
     1>h:\baotaiji-master\ssvision\baslercamera.h : warning C4819: 该文件包含不能在当前代码页(936)中表示的字符。请将该文件保存为 Unicode 格式以防止数据丢失
     1>.\camera.h : warning C4819: 该文件包含不能在当前代码页(936)中表示的字符。请将该文件保存为 Unicode 格式以防止数据丢失
     1>h:\baotaiji-master\ssvision\baslercamera.h(7): fatal error C1083: 无法打开包括文件: “pylon/PylonIncludes.h”: No such file or directory
         camera.cpp
     1>h:\baotaiji-master\ssvision\camera.h : warning C4819: 该文件包含不能在当前代码页(936)中表示的字符。请将该文件保存为 Unicode 格式以防止数据丢失
     1>camera.cpp(2): fatal error C1083: 无法打开包括文件: “opencv2/opencv.hpp”: No such file or directory
         datacode.cpp
         datefilelogger.cpp
     1>h:\baotaiji-master\ssvision\datefilelogger.h : warning C4819: 该文件包含不能在当前代码页(936)中表示的字符。请将该文件保存为 Unicode 格式以防止数据丢失
     1>h:\baotaiji-master\ssvision\datefilelogger.h(7): fatal error C1083: 无法打开包括文件: “QDateTime”: No such file or directory
         moc_robotictcpserver.cpp
     1>h:\baotaiji-master\ssvision\generatedfiles\release\../../robotictcpserver.h(4): fatal error C1083: 无法打开包括文件: “QTcpServer”: No such file or directory
         logger.cpp
         qtserialport.cpp
     1>qtserialport.cpp : warning C4819: 该文件包含不能在当前代码页(936)中表示的字符。请将该文件保存为 Unicode 格式以防止数据丢失
     1>h:\baotaiji-master\ssvision\qtserialport.h : warning C4819: 该文件包含不能在当前代码页(936)中表示的字符。请将该文件保存为 Unicode 格式以防止数据丢失
     1>h:\baotaiji-master\ssvision\qtserialport.h(35): fatal error C1083: 无法打开包括文件: “QSerialPort”: No such file or directory
         robotictcpserver.cpp
     1>robotictcpserver.cpp : warning C4819: 该文件包含不能在当前代码页(936)中表示的字符。请将该文件保存为 Unicode 格式以防止数据丢失
     1>h:\baotaiji-master\ssvision\robotictcpserver.h(4): fatal error C1083: 无法打开包括文件: “QTcpServer”: No such file or directory
         serialport.cpp
         正在生成代码...
     1>已完成生成项目“H:\baotaiji-master\ssvision\ssvision.vcxproj”(Build 个目标)的操作 - 失败。

生成失败。

已用时间 00:00:05.18
